15-09-2021 15:42:45 root:INFO:waiting for connection...
15-09-2021 15:42:48 root:INFO:conneted form: 10.5.5.100
15-09-2021 15:42:50 root:INFO:Message sent: <flag><"a">
15-09-2021 15:43:00 root:INFO:Message sent: <><"b">
15-09-2021 15:43:00 root:INFO:waiting for connection...
15-09-2021 15:43:31 root:INFO:waiting for connection...
15-09-2021 15:43:39 root:INFO:conneted form: 10.5.5.100
15-09-2021 15:43:39 root:INFO:Message sent: <flag><"b">
15-09-2021 15:43:44 root:INFO:Message sent: <flag><"b">
15-09-2021 15:43:46 root:INFO:Message sent: <flag><"a">
15-09-2021 15:44:19 root:INFO:Message sent: <><"">
15-09-2021 15:44:19 root:INFO:waiting for connection...
15-09-2021 15:44:33 root:INFO:waiting for connection...
15-09-2021 15:44:35 root:INFO:conneted form: 10.5.5.100
15-09-2021 15:44:38 root:INFO:Message sent: <flag><"a">
15-09-2021 15:44:53 root:INFO:waiting for connection...
15-09-2021 15:44:59 root:INFO:conneted form: 10.5.5.100
15-09-2021 15:44:59 root:INFO:Message sent: <flag><"a">
15-09-2021 15:45:02 root:INFO:Message sent: <flag><"b">
15-09-2021 15:45:04 root:INFO:Message sent: <flag><"a">
15-09-2021 15:46:41 root:INFO:waiting for connection...
15-09-2021 15:46:46 root:INFO:conneted form: 10.5.5.100
15-09-2021 15:47:51 root:INFO:waiting for connection...
15-09-2021 15:47:54 root:INFO:conneted form: 10.5.5.100
15-09-2021 15:47:57 root:INFO:waiting for connection...
15-09-2021 15:49:11 root:INFO:waiting for connection...
15-09-2021 15:49:14 root:INFO:conneted form: 10.5.5.100
15-09-2021 15:51:05 root:INFO:waiting for connection...
15-09-2021 15:51:08 root:INFO:conneted form: 10.5.5.100
15-09-2021 15:51:11 root:INFO:Input is b
15-09-2021 15:51:11 root:INFO:Message sent: <flag><"b">
15-09-2021 15:51:12 root:INFO:Input is a
15-09-2021 15:51:12 root:INFO:Message sent: <flag><"a">
15-09-2021 15:51:12 root:INFO:No
15-09-2021 15:51:13 root:INFO:Input is b
15-09-2021 15:51:13 root:INFO:Message sent: <flag><"b">
15-09-2021 15:51:14 root:INFO:Input is d
15-09-2021 15:51:14 root:INFO:Message sent: <flag><"d">
15-09-2021 15:51:16 root:INFO:Input is e
15-09-2021 15:51:16 root:INFO:Message sent: <flag><"e">
15-09-2021 15:51:16 root:INFO:Input is s
15-09-2021 15:51:16 root:INFO:Message sent: <flag><"s">
15-09-2021 15:51:18 root:INFO:Input is f
15-09-2021 15:51:18 root:INFO:Message sent: <flag><"f">
15-09-2021 15:51:23 root:INFO:Input is c
15-09-2021 15:51:23 root:INFO:Message sent: <flag><"c">
15-09-2021 15:51:26 root:INFO:waiting for connection...
15-09-2021 15:52:36 root:INFO:waiting for connection...
15-09-2021 15:52:38 root:INFO:conneted form: 10.5.5.100
15-09-2021 15:52:41 root:INFO:Input is b
15-09-2021 15:52:41 root:INFO:Message sent: <flag><"b">
15-09-2021 15:52:42 root:INFO:Input is e
15-09-2021 15:52:42 root:INFO:Message sent: <flag><"e">
15-09-2021 15:52:43 root:INFO:Input is c
15-09-2021 15:52:43 root:INFO:Message sent: <flag><"c">
15-09-2021 15:52:44 root:INFO:waiting for connection...
15-09-2021 15:55:44 root:INFO:waiting for connection...
15-09-2021 15:55:46 root:INFO:conneted form: 10.5.5.100
15-09-2021 15:55:48 root:INFO:Input is b
15-09-2021 15:55:48 root:INFO:Message sent: <flag><"b">
15-09-2021 15:55:48 root:INFO:Data received is :1102.211, 80.9607, 93.0844, 143.346, -90.35, 52.5695
15-09-2021 15:55:50 root:INFO:Input is d
15-09-2021 15:55:50 root:INFO:Message sent: <flag><"d">
15-09-2021 15:55:50 root:INFO:Data received is :1102.211, 80.9607, 93.0844, 143.346, -90.35, 52.5695
15-09-2021 15:55:51 root:INFO:Input is a
15-09-2021 15:55:51 root:INFO:Message sent: <flag><"a">
15-09-2021 15:55:51 root:INFO:No
15-09-2021 15:55:52 root:INFO:Input is c
15-09-2021 15:55:52 root:INFO:Message sent: <flag><"c">
15-09-2021 15:55:52 root:INFO:Data received is :1102.211, 80.9607, 93.0844, 143.346, -90.35, 52.5695
15-09-2021 15:55:52 root:INFO:Input is e
15-09-2021 15:55:52 root:INFO:Message sent: <flag><"e">
15-09-2021 15:55:52 root:INFO:Data received is :1102.211, 80.9607, 93.0844, 143.346, -90.35, 52.5695
15-09-2021 15:55:53 root:INFO:Input is f
15-09-2021 15:55:53 root:INFO:Message sent: <flag><"f">
15-09-2021 15:55:53 root:INFO:Data received is :1102.211, 80.9607, 93.0844, 143.346, -90.35, 52.5695
15-09-2021 15:55:56 root:INFO:waiting for connection...
15-09-2021 15:58:39 root:INFO:waiting for connection...
15-09-2021 15:58:41 root:INFO:conneted form: 10.5.5.100
15-09-2021 15:58:43 root:INFO:Input is c
15-09-2021 15:58:43 root:INFO:Message sent: <flag><"c">
15-09-2021 15:58:43 root:INFO:Data received is :1102.211, 80.9607, 93.0844, 143.346, -90.35, 52.5695
15-09-2021 16:00:29 root:INFO:waiting for connection...
15-09-2021 16:00:31 root:INFO:conneted form: 10.5.5.100
15-09-2021 16:00:32 root:INFO:waiting for connection...
15-09-2021 16:02:27 root:INFO:waiting for connection...
15-09-2021 16:02:30 root:INFO:conneted form: 10.5.5.100
15-09-2021 16:02:33 root:INFO:Input is b
15-09-2021 16:02:33 root:INFO:Message sent: <flag><"b">
15-09-2021 16:02:33 root:INFO:Data received is :1102.211, 80.9607, 93.0844, 143.346, -90.35, 52.5695
15-09-2021 16:09:03 root:INFO:waiting for connection...
15-09-2021 16:09:05 root:INFO:conneted form: 10.5.5.100
15-09-2021 16:09:07 root:INFO:Input is b
15-09-2021 16:09:07 root:INFO:Message sent: <flag><"b">
15-09-2021 16:09:07 root:INFO:Data received is :1102.211, 80.9607, 93.0844, 143.346, -90.35, 52.5695
15-09-2021 16:09:08 root:INFO:Input is a
15-09-2021 16:09:08 root:INFO:Message sent: <flag><"a">
15-09-2021 16:09:08 root:INFO:No
15-09-2021 16:09:10 root:INFO:Input is s
15-09-2021 16:09:10 root:INFO:Message sent: <flag><"s">
15-09-2021 16:09:10 root:INFO:Data received is :1102.211, 80.9607, 93.0844, 143.346, -90.35, 52.5695
15-09-2021 16:09:11 root:INFO:Input is c
15-09-2021 16:09:11 root:INFO:Message sent: <flag><"c">
15-09-2021 16:09:11 root:INFO:Data received is :1102.211, 80.9607, 93.0844, 143.346, -90.35, 52.5695
15-09-2021 16:09:12 root:INFO:Input is A
15-09-2021 16:09:12 root:INFO:Message sent: <flag><"A">
15-09-2021 16:09:12 root:INFO:No
15-09-2021 16:09:18 root:INFO:Input is 
15-09-2021 16:09:18 root:INFO:Message sent: <flag><"">
15-09-2021 16:09:18 root:INFO:waiting for connection...
15-09-2021 16:10:15 root:INFO:waiting for connection...
15-09-2021 16:10:20 root:INFO:conneted form: 10.5.5.100
15-09-2021 16:10:22 root:INFO:Input is b
15-09-2021 16:10:22 root:INFO:Message sent: <flag><"b">
15-09-2021 16:10:22 root:INFO:Data received is :1102.211, 80.9607, 93.0844, 143.346, -90.35, 52.5695
15-09-2021 16:10:23 root:INFO:Input is a
15-09-2021 16:10:23 root:INFO:Message sent: <flag><"a">
15-09-2021 16:10:23 root:INFO:No
15-09-2021 16:10:24 root:INFO:Input is s
15-09-2021 16:10:24 root:INFO:Message sent: <flag><"s">
15-09-2021 16:10:24 root:INFO:Data received is :1102.211, 80.9607, 93.0844, 143.346, -90.35, 52.5695
15-09-2021 16:10:25 root:INFO:Input is 
15-09-2021 16:10:25 root:INFO:Message sent: <flag><"">
15-09-2021 16:10:25 root:INFO:No
15-09-2021 16:10:29 root:INFO:Input is 
15-09-2021 16:10:29 root:INFO:Message sent: <flag><"">
15-09-2021 16:10:29 root:INFO:waiting for connection...
15-09-2021 16:10:39 root:INFO:waiting for connection...
15-09-2021 16:10:41 root:INFO:conneted form: 10.5.5.100
15-09-2021 16:10:43 root:INFO:Input is e
15-09-2021 16:10:43 root:INFO:Message sent: <flag><"e">
15-09-2021 16:10:43 root:INFO:Data received is :1102.211, 80.9607, 93.0844, 143.346, -90.35, 52.5695
15-09-2021 16:10:44 root:INFO:Input is d
15-09-2021 16:10:44 root:INFO:Message sent: <flag><"d">
15-09-2021 16:10:44 root:INFO:Data received is :1102.211, 80.9607, 93.0844, 143.346, -90.35, 52.5695
15-09-2021 16:10:45 root:INFO:Input is a
15-09-2021 16:10:45 root:INFO:Message sent: <flag><"a">
15-09-2021 16:10:45 root:INFO:No
15-09-2021 16:10:49 root:INFO:Input is 
15-09-2021 16:10:49 root:INFO:Message sent: <flag><"">
15-09-2021 16:10:49 root:INFO:waiting for connection...
15-09-2021 16:12:58 root:INFO:waiting for connection...
15-09-2021 16:13:42 root:INFO:waiting for connection...
15-09-2021 16:14:41 root:INFO:waiting for connection...
15-09-2021 16:14:42 root:INFO:conneted form: 10.5.5.100
15-09-2021 16:14:45 root:INFO:Input is a
15-09-2021 16:14:45 root:INFO:Message sent: <flag><"a">
15-09-2021 16:14:45 root:INFO:No
15-09-2021 16:14:46 root:INFO:Input is b
15-09-2021 16:14:46 root:INFO:Message sent: <flag><"b">
15-09-2021 16:14:57 root:INFO:waiting for connection...
15-09-2021 16:15:22 root:INFO:waiting for connection...
15-09-2021 16:15:24 root:INFO:conneted form: 10.5.5.100
15-09-2021 16:15:26 root:INFO:Input is b
15-09-2021 16:15:26 root:INFO:Message sent: <flag><"b">
15-09-2021 16:16:02 root:INFO:waiting for connection...
15-09-2021 16:16:04 root:INFO:conneted form: 10.5.5.100
15-09-2021 16:16:09 root:INFO:Input is b
15-09-2021 16:16:09 root:INFO:Message sent: <flag><"b">
15-09-2021 16:16:31 root:INFO:waiting for connection...
15-09-2021 16:16:34 root:INFO:conneted form: 10.5.5.100
15-09-2021 16:16:36 root:INFO:Input is b
15-09-2021 16:16:36 root:INFO:Message sent: <flag><"b">
15-09-2021 16:16:36 root:INFO:Data received is :1102.211, 80.9607, 93.0844, 143.346, -90.35, 52.5695
15-09-2021 16:17:20 root:INFO:waiting for connection...
15-09-2021 16:22:55 root:INFO:waiting for connection...
15-09-2021 16:24:20 root:INFO:conneted form: 10.5.5.100
15-09-2021 16:24:23 root:INFO:Input is b
15-09-2021 16:24:23 root:INFO:Message sent: <flag><"b">
15-09-2021 16:24:23 root:INFO:Data received is :1102.211, 80.9607, 93.0844, 143.346, -90.35, 52.5695
15-09-2021 16:24:31 root:INFO:Input is 
15-09-2021 16:24:31 root:INFO:Message sent: <flag><"">
15-09-2021 16:24:31 root:INFO:waiting for connection...
